[debug] [2025-06-14T07:15:43.763Z] ----------------------------------------------------------------------
[debug] [2025-06-14T07:15:43.765Z] Command:       C:\Program Files\nodejs\node.exe C:\Users\rounak.kumar_pabbly\AppData\Roaming\npm\node_modules\firebase-tools\lib\bin\firebase.js ext:dev:upload pabblyconnect/firestore-webhook-connector-pabbly --project=pabblyconnect-16ab5 --debug
[debug] [2025-06-14T07:15:43.766Z] CLI Version:   14.4.0
[debug] [2025-06-14T07:15:43.766Z] Platform:      win32
[debug] [2025-06-14T07:15:43.766Z] Node Version:  v22.14.0
[debug] [2025-06-14T07:15:43.766Z] Time:          Sat Jun 14 2025 12:45:43 GMT+0530 (India Standard Time)
[debug] [2025-06-14T07:15:43.766Z] ----------------------------------------------------------------------
[debug] 
[debug] [2025-06-14T07:15:43.938Z] > command requires scopes: ["email","openid","https://www.googleapis.com/auth/cloudplatformprojects.readonly","https://www.googleapis.com/auth/firebase","https://www.googleapis.com/auth/cloud-platform"]
[debug] [2025-06-14T07:15:43.940Z] > authorizing via signed-in user (rounak.kumar@pabbly.com)
[info] i  extensions: ensuring required API firebaseextensionspublisher.googleapis.com is enabled... 
[debug] [2025-06-14T07:15:43.941Z] Checked if tokens are valid: true, expires at: 1749888788046
[debug] [2025-06-14T07:15:43.942Z] Checked if tokens are valid: true, expires at: 1749888788046
[debug] [2025-06-14T07:15:43.942Z] >>> [apiv2][query] GET https://serviceusage.googleapis.com/v1/projects/pabblyconnect-16ab5/services/firebaseextensionspublisher.googleapis.com [none]
[debug] [2025-06-14T07:15:43.943Z] >>> [apiv2][(partial)header] GET https://serviceusage.googleapis.com/v1/projects/pabblyconnect-16ab5/services/firebaseextensionspublisher.googleapis.com x-goog-quota-user=projects/pabblyconnect-16ab5
[debug] [2025-06-14T07:15:46.015Z] <<< [apiv2][status] GET https://serviceusage.googleapis.com/v1/projects/pabblyconnect-16ab5/services/firebaseextensionspublisher.googleapis.com 200
[debug] [2025-06-14T07:15:46.016Z] <<< [apiv2][body] GET https://serviceusage.googleapis.com/v1/projects/pabblyconnect-16ab5/services/firebaseextensionspublisher.googleapis.com [omitted]
[info] +  extensions: required API firebaseextensionspublisher.googleapis.com is enabled 
[debug] [2025-06-14T07:15:46.017Z] Checked if tokens are valid: true, expires at: 1749888788046
[debug] [2025-06-14T07:15:46.017Z] Checked if tokens are valid: true, expires at: 1749888788046
[debug] [2025-06-14T07:15:46.018Z] >>> [apiv2][query] GET https://firebaseextensionspublisher.googleapis.com/v1beta/projects/-/publisherProfile publisherId=pabblyconnect
[debug] [2025-06-14T07:15:47.782Z] <<< [apiv2][status] GET https://firebaseextensionspublisher.googleapis.com/v1beta/projects/-/publisherProfile 200
[debug] [2025-06-14T07:15:47.783Z] <<< [apiv2][body] GET https://firebaseextensionspublisher.googleapis.com/v1beta/projects/-/publisherProfile {"name":"projects/871099313349/publisherProfile","publisherId":"pabblyconnect","registerTime":"2025-06-09T09:44:30.417886Z","displayName":"Pabbly Connect","websiteUri":"https://www.pabbly.com","state":"ACTIVE"}
[debug] [2025-06-14T07:15:47.784Z] Checked if tokens are valid: true, expires at: 1749888788046
[debug] [2025-06-14T07:15:47.785Z] Checked if tokens are valid: true, expires at: 1749888788046
[debug] [2025-06-14T07:15:47.786Z] >>> [apiv2][query] GET https://serviceusage.googleapis.com/v1/projects/871099313349/services/cloudresourcemanager.googleapis.com [none]
[debug] [2025-06-14T07:15:47.786Z] >>> [apiv2][(partial)header] GET https://serviceusage.googleapis.com/v1/projects/871099313349/services/cloudresourcemanager.googleapis.com x-goog-quota-user=projects/871099313349
[debug] [2025-06-14T07:15:48.312Z] <<< [apiv2][status] GET https://serviceusage.googleapis.com/v1/projects/871099313349/services/cloudresourcemanager.googleapis.com 200
[debug] [2025-06-14T07:15:48.313Z] <<< [apiv2][body] GET https://serviceusage.googleapis.com/v1/projects/871099313349/services/cloudresourcemanager.googleapis.com [omitted]
[debug] [2025-06-14T07:15:48.313Z] Checked if tokens are valid: true, expires at: 1749888788046
[debug] [2025-06-14T07:15:48.314Z] Checked if tokens are valid: true, expires at: 1749888788046
[debug] [2025-06-14T07:15:48.314Z] >>> [apiv2][query] GET https://cloudresourcemanager.googleapis.com/v1/projects/871099313349 [none]
[debug] [2025-06-14T07:15:50.103Z] <<< [apiv2][status] GET https://cloudresourcemanager.googleapis.com/v1/projects/871099313349 200
[debug] [2025-06-14T07:15:50.103Z] <<< [apiv2][body] GET https://cloudresourcemanager.googleapis.com/v1/projects/871099313349 {"projectNumber":"871099313349","projectId":"pabblyconnect-16ab5","lifecycleState":"ACTIVE","name":"pabblyconnect-16ab5","labels":{"firebase":"enabled","firebase-core":"disabled"},"createTime":"2025-06-09T09:43:49.007722Z","parent":{"type":"organization","id":"266066249094"}}
[debug] [2025-06-14T07:15:50.104Z] Checking if latest publisher TOS has been accepted by 871099313349...
[debug] [2025-06-14T07:15:50.105Z] Checked if tokens are valid: true, expires at: 1749888788046
[debug] [2025-06-14T07:15:50.106Z] Checked if tokens are valid: true, expires at: 1749888788046
[debug] [2025-06-14T07:15:50.107Z] >>> [apiv2][query] GET https://firebaseextensionstos-pa.googleapis.com/v1/projects/871099313349/publishertos [none]
[debug] [2025-06-14T07:15:51.866Z] <<< [apiv2][status] GET https://firebaseextensionstos-pa.googleapis.com/v1/projects/871099313349/publishertos 200
[debug] [2025-06-14T07:15:51.866Z] <<< [apiv2][body] GET https://firebaseextensionstos-pa.googleapis.com/v1/projects/871099313349/publishertos {"name":"projects/871099313349/publishertos","lastAcceptedVersion":"v1","lastAcceptedTime":"2025-06-13T10:04:58.465854Z","latestTosVersion":"v1"}
[debug] [2025-06-14T07:15:51.867Z] Already accepted version v1 of Extensions publisher TOS.
[debug] [2025-06-14T07:15:51.869Z] Checked if tokens are valid: true, expires at: 1749888788046
[debug] [2025-06-14T07:15:51.869Z] Checked if tokens are valid: true, expires at: 1749888788046
[debug] [2025-06-14T07:15:51.870Z] >>> [apiv2][query] GET https://firebaseextensionspublisher.googleapis.com/v1beta/publishers/pabblyconnect/extensions/firestore-webhook-connector-pabbly [none]
[debug] [2025-06-14T07:15:52.449Z] <<< [apiv2][status] GET https://firebaseextensionspublisher.googleapis.com/v1beta/publishers/pabblyconnect/extensions/firestore-webhook-connector-pabbly 404
[debug] [2025-06-14T07:15:52.450Z] <<< [apiv2][body] GET https://firebaseextensionspublisher.googleapis.com/v1beta/publishers/pabblyconnect/extensions/firestore-webhook-connector-pabbly {"error":{"code":404,"message":"Extension `publishers/pabblyconnect/extensions/firestore-webhook-connector-pabbly` not found","status":"NOT_FOUND"}}
[info] 
Extension: pabblyconnect/firestore-webhook-connector-pabbly
State: New

[info] Repo URI must follow this format: https://github.com/<user>/<repo>
[info] Validating source code at https://github.com/pabbly-apps/pc-integration-firestorewebhookextension\tree\main\...
[debug] [2025-06-14T07:16:22.291Z] Data is 243123
[debug] [2025-06-14T07:16:22.292Z] [unzip] Entry: pc-integration-firestorewebhookextension-main/ (compressed_size=0 bytes, uncompressed_size=0 bytes)
[debug] [2025-06-14T07:16:22.292Z] [unzip] Processing entry: pc-integration-firestorewebhookextension-main\
[debug] [2025-06-14T07:16:22.292Z] [unzip] mkdir: C:\Users\ROUNAK~1.KUM\AppData\Local\Temp\tmp-4900-ho8tO5RPHfdb\pc-integration-firestorewebhookextension-main\
[debug] [2025-06-14T07:16:22.293Z] [unzip] Entry: pc-integration-firestorewebhookextension-main/.firebaserc (compressed_size=162 bytes, uncompressed_size=234 bytes)
[debug] [2025-06-14T07:16:22.293Z] [unzip] Processing entry: pc-integration-firestorewebhookextension-main\.firebaserc
[debug] [2025-06-14T07:16:22.293Z] [unzip] else mkdir: C:\Users\ROUNAK~1.KUM\AppData\Local\Temp\tmp-4900-ho8tO5RPHfdb\pc-integration-firestorewebhookextension-main
[debug] [2025-06-14T07:16:22.293Z] [unzip] deflating: C:\Users\ROUNAK~1.KUM\AppData\Local\Temp\tmp-4900-ho8tO5RPHfdb\pc-integration-firestorewebhookextension-main\.firebaserc
[debug] [2025-06-14T07:16:22.296Z] [unzip] Entry: pc-integration-firestorewebhookextension-main/CHANGELOG.md (compressed_size=316 bytes, uncompressed_size=532 bytes)
[debug] [2025-06-14T07:16:22.296Z] [unzip] Processing entry: pc-integration-firestorewebhookextension-main\CHANGELOG.md
[debug] [2025-06-14T07:16:22.296Z] [unzip] else mkdir: C:\Users\ROUNAK~1.KUM\AppData\Local\Temp\tmp-4900-ho8tO5RPHfdb\pc-integration-firestorewebhookextension-main
[debug] [2025-06-14T07:16:22.297Z] [unzip] deflating: C:\Users\ROUNAK~1.KUM\AppData\Local\Temp\tmp-4900-ho8tO5RPHfdb\pc-integration-firestorewebhookextension-main\CHANGELOG.md
[debug] [2025-06-14T07:16:22.299Z] [unzip] Entry: pc-integration-firestorewebhookextension-main/POSTINSTALL.md (compressed_size=1228 bytes, uncompressed_size=2680 bytes)
[debug] [2025-06-14T07:16:22.299Z] [unzip] Processing entry: pc-integration-firestorewebhookextension-main\POSTINSTALL.md
[debug] [2025-06-14T07:16:22.299Z] [unzip] else mkdir: C:\Users\ROUNAK~1.KUM\AppData\Local\Temp\tmp-4900-ho8tO5RPHfdb\pc-integration-firestorewebhookextension-main
[debug] [2025-06-14T07:16:22.300Z] [unzip] deflating: C:\Users\ROUNAK~1.KUM\AppData\Local\Temp\tmp-4900-ho8tO5RPHfdb\pc-integration-firestorewebhookextension-main\POSTINSTALL.md
[debug] [2025-06-14T07:16:22.303Z] [unzip] Entry: pc-integration-firestorewebhookextension-main/PREINSTALL.md (compressed_size=1287 bytes, uncompressed_size=3614 bytes)
[debug] [2025-06-14T07:16:22.303Z] [unzip] Processing entry: pc-integration-firestorewebhookextension-main\PREINSTALL.md
[debug] [2025-06-14T07:16:22.303Z] [unzip] else mkdir: C:\Users\ROUNAK~1.KUM\AppData\Local\Temp\tmp-4900-ho8tO5RPHfdb\pc-integration-firestorewebhookextension-main
[debug] [2025-06-14T07:16:22.304Z] [unzip] deflating: C:\Users\ROUNAK~1.KUM\AppData\Local\Temp\tmp-4900-ho8tO5RPHfdb\pc-integration-firestorewebhookextension-main\PREINSTALL.md
[debug] [2025-06-14T07:16:22.306Z] [unzip] Entry: pc-integration-firestorewebhookextension-main/README.md (compressed_size=914 bytes, uncompressed_size=1966 bytes)
[debug] [2025-06-14T07:16:22.306Z] [unzip] Processing entry: pc-integration-firestorewebhookextension-main\README.md
[debug] [2025-06-14T07:16:22.306Z] [unzip] else mkdir: C:\Users\ROUNAK~1.KUM\AppData\Local\Temp\tmp-4900-ho8tO5RPHfdb\pc-integration-firestorewebhookextension-main
[debug] [2025-06-14T07:16:22.307Z] [unzip] deflating: C:\Users\ROUNAK~1.KUM\AppData\Local\Temp\tmp-4900-ho8tO5RPHfdb\pc-integration-firestorewebhookextension-main\README.md
[debug] [2025-06-14T07:16:22.308Z] [unzip] Entry: pc-integration-firestorewebhookextension-main/extension.yaml (compressed_size=2125 bytes, uncompressed_size=9003 bytes)
[debug] [2025-06-14T07:16:22.308Z] [unzip] Processing entry: pc-integration-firestorewebhookextension-main\extension.yaml
[debug] [2025-06-14T07:16:22.308Z] [unzip] else mkdir: C:\Users\ROUNAK~1.KUM\AppData\Local\Temp\tmp-4900-ho8tO5RPHfdb\pc-integration-firestorewebhookextension-main
[debug] [2025-06-14T07:16:22.309Z] [unzip] deflating: C:\Users\ROUNAK~1.KUM\AppData\Local\Temp\tmp-4900-ho8tO5RPHfdb\pc-integration-firestorewebhookextension-main\extension.yaml
[debug] [2025-06-14T07:16:22.310Z] [unzip] Entry: pc-integration-firestorewebhookextension-main/extensions/ (compressed_size=0 bytes, uncompressed_size=0 bytes)
[debug] [2025-06-14T07:16:22.310Z] [unzip] Processing entry: pc-integration-firestorewebhookextension-main\extensions\
[debug] [2025-06-14T07:16:22.310Z] [unzip] mkdir: C:\Users\ROUNAK~1.KUM\AppData\Local\Temp\tmp-4900-ho8tO5RPHfdb\pc-integration-firestorewebhookextension-main\extensions\
[debug] [2025-06-14T07:16:22.311Z] [unzip] Entry: pc-integration-firestorewebhookextension-main/extensions/firestore-webhook-connector-pabbly.env (compressed_size=193 bytes, uncompressed_size=348 bytes)
[debug] [2025-06-14T07:16:22.311Z] [unzip] Processing entry: pc-integration-firestorewebhookextension-main\extensions\firestore-webhook-connector-pabbly.env
[debug] [2025-06-14T07:16:22.311Z] [unzip] else mkdir: C:\Users\ROUNAK~1.KUM\AppData\Local\Temp\tmp-4900-ho8tO5RPHfdb\pc-integration-firestorewebhookextension-main\extensions
[debug] [2025-06-14T07:16:22.311Z] [unzip] deflating: C:\Users\ROUNAK~1.KUM\AppData\Local\Temp\tmp-4900-ho8tO5RPHfdb\pc-integration-firestorewebhookextension-main\extensions\firestore-webhook-connector-pabbly.env
[debug] [2025-06-14T07:16:22.312Z] [unzip] Entry: pc-integration-firestorewebhookextension-main/firebase.json (compressed_size=185 bytes, uncompressed_size=386 bytes)
[debug] [2025-06-14T07:16:22.313Z] [unzip] Processing entry: pc-integration-firestorewebhookextension-main\firebase.json
[debug] [2025-06-14T07:16:22.313Z] [unzip] else mkdir: C:\Users\ROUNAK~1.KUM\AppData\Local\Temp\tmp-4900-ho8tO5RPHfdb\pc-integration-firestorewebhookextension-main
[debug] [2025-06-14T07:16:22.313Z] [unzip] deflating: C:\Users\ROUNAK~1.KUM\AppData\Local\Temp\tmp-4900-ho8tO5RPHfdb\pc-integration-firestorewebhookextension-main\firebase.json
[debug] [2025-06-14T07:16:22.314Z] [unzip] Entry: pc-integration-firestorewebhookextension-main/functions/ (compressed_size=0 bytes, uncompressed_size=0 bytes)
[debug] [2025-06-14T07:16:22.314Z] [unzip] Processing entry: pc-integration-firestorewebhookextension-main\functions\
[debug] [2025-06-14T07:16:22.314Z] [unzip] mkdir: C:\Users\ROUNAK~1.KUM\AppData\Local\Temp\tmp-4900-ho8tO5RPHfdb\pc-integration-firestorewebhookextension-main\functions\
[debug] [2025-06-14T07:16:22.314Z] [unzip] Entry: pc-integration-firestorewebhookextension-main/functions/.gitignore (compressed_size=188 bytes, uncompressed_size=305 bytes)
[debug] [2025-06-14T07:16:22.315Z] [unzip] Processing entry: pc-integration-firestorewebhookextension-main\functions\.gitignore
[debug] [2025-06-14T07:16:22.315Z] [unzip] else mkdir: C:\Users\ROUNAK~1.KUM\AppData\Local\Temp\tmp-4900-ho8tO5RPHfdb\pc-integration-firestorewebhookextension-main\functions
[debug] [2025-06-14T07:16:22.315Z] [unzip] deflating: C:\Users\ROUNAK~1.KUM\AppData\Local\Temp\tmp-4900-ho8tO5RPHfdb\pc-integration-firestorewebhookextension-main\functions\.gitignore
[debug] [2025-06-14T07:16:22.316Z] [unzip] Entry: pc-integration-firestorewebhookextension-main/functions/index.js (compressed_size=2716 bytes, uncompressed_size=9595 bytes)
[debug] [2025-06-14T07:16:22.316Z] [unzip] Processing entry: pc-integration-firestorewebhookextension-main\functions\index.js
[debug] [2025-06-14T07:16:22.316Z] [unzip] else mkdir: C:\Users\ROUNAK~1.KUM\AppData\Local\Temp\tmp-4900-ho8tO5RPHfdb\pc-integration-firestorewebhookextension-main\functions
[debug] [2025-06-14T07:16:22.316Z] [unzip] deflating: C:\Users\ROUNAK~1.KUM\AppData\Local\Temp\tmp-4900-ho8tO5RPHfdb\pc-integration-firestorewebhookextension-main\functions\index.js
[debug] [2025-06-14T07:16:22.317Z] [unzip] Entry: pc-integration-firestorewebhookextension-main/functions/package-lock.json (compressed_size=63830 bytes, uncompressed_size=256109 bytes)
[debug] [2025-06-14T07:16:22.317Z] [unzip] Processing entry: pc-integration-firestorewebhookextension-main\functions\package-lock.json
[debug] [2025-06-14T07:16:22.317Z] [unzip] else mkdir: C:\Users\ROUNAK~1.KUM\AppData\Local\Temp\tmp-4900-ho8tO5RPHfdb\pc-integration-firestorewebhookextension-main\functions
[debug] [2025-06-14T07:16:22.318Z] [unzip] deflating: C:\Users\ROUNAK~1.KUM\AppData\Local\Temp\tmp-4900-ho8tO5RPHfdb\pc-integration-firestorewebhookextension-main\functions\package-lock.json
[debug] [2025-06-14T07:16:22.321Z] [unzip] Entry: pc-integration-firestorewebhookextension-main/functions/package.json (compressed_size=639 bytes, uncompressed_size=1708 bytes)
[debug] [2025-06-14T07:16:22.321Z] [unzip] Processing entry: pc-integration-firestorewebhookextension-main\functions\package.json
[debug] [2025-06-14T07:16:22.321Z] [unzip] else mkdir: C:\Users\ROUNAK~1.KUM\AppData\Local\Temp\tmp-4900-ho8tO5RPHfdb\pc-integration-firestorewebhookextension-main\functions
[debug] [2025-06-14T07:16:22.321Z] [unzip] deflating: C:\Users\ROUNAK~1.KUM\AppData\Local\Temp\tmp-4900-ho8tO5RPHfdb\pc-integration-firestorewebhookextension-main\functions\package.json
[debug] [2025-06-14T07:16:22.323Z] [unzip] Entry: pc-integration-firestorewebhookextension-main/pabbly-connect-logo.png (compressed_size=165770 bytes, uncompressed_size=168270 bytes)
[debug] [2025-06-14T07:16:22.323Z] [unzip] Processing entry: pc-integration-firestorewebhookextension-main\pabbly-connect-logo.png
[debug] [2025-06-14T07:16:22.323Z] [unzip] else mkdir: C:\Users\ROUNAK~1.KUM\AppData\Local\Temp\tmp-4900-ho8tO5RPHfdb\pc-integration-firestorewebhookextension-main
[debug] [2025-06-14T07:16:22.323Z] [unzip] deflating: C:\Users\ROUNAK~1.KUM\AppData\Local\Temp\tmp-4900-ho8tO5RPHfdb\pc-integration-firestorewebhookextension-main\pabbly-connect-logo.png
[debug] [2025-06-14T07:16:22.344Z] Checked if tokens are valid: true, expires at: 1749888788046
[debug] [2025-06-14T07:16:22.345Z] Checked if tokens are valid: true, expires at: 1749888788046
[debug] [2025-06-14T07:16:22.345Z] >>> [apiv2][query] GET https://firebaseextensionspublisher.googleapis.com/v1beta/publishers/pabblyconnect/extensions/firestore-webhook-connector-pabbly/versions filter=id%3D%220.1.0%22&showPrereleases=true&pageSize=100&pageToken=
[debug] [2025-06-14T07:16:24.174Z] <<< [apiv2][status] GET https://firebaseextensionspublisher.googleapis.com/v1beta/publishers/pabblyconnect/extensions/firestore-webhook-connector-pabbly/versions 404
[debug] [2025-06-14T07:16:24.175Z] <<< [apiv2][body] GET https://firebaseextensionspublisher.googleapis.com/v1beta/publishers/pabblyconnect/extensions/firestore-webhook-connector-pabbly/versions {"error":{"code":404,"message":"Extension `publishers/pabblyconnect/extensions/firestore-webhook-connector-pabbly` not found","status":"NOT_FOUND"}}
[info] 
You are about to upload a new version to Firebase's registry of extensions.

Extension: pabblyconnect/firestore-webhook-connector-pabbly
Version: 0.1.0-beta.0 
Source: https://github.com/pabbly-apps/pc-integration-firestorewebhookextension\tree\main\
Release notes:
    * Introduced Firestore Webhook Connector extension for Pabbly Connect.
    * Sends webhook POST requests automatically when Firestore documents are created, updated, or deleted.
    * Supports configurable Firestore document paths and event types (create, update, delete).
    * Allows enabling/disabling webhook notifications per event type.
    * Includes Cloud Functions deployed with Node.js 20 runtime.
    * Validates webhook URLs to allow only https://connect.pabbly.com and https://webhook.site domains.

Once an extension version is uploaded, it becomes installable by other users and cannot be changed. If you wish to make changes after uploading, you will need to upload a new version.

[debug] [2025-06-14T07:16:28.536Z] Checked if tokens are valid: true, expires at: 1749888788046
[debug] [2025-06-14T07:16:28.537Z] Checked if tokens are valid: true, expires at: 1749888788046
[debug] [2025-06-14T07:16:28.537Z] >>> [apiv2][query] POST https://firebaseextensionspublisher.googleapis.com/v1beta/publishers/pabblyconnect/extensions/firestore-webhook-connector-pabbly/versions:createFromSource [none]
[debug] [2025-06-14T07:16:28.538Z] >>> [apiv2][body] POST https://firebaseextensionspublisher.googleapis.com/v1beta/publishers/pabblyconnect/extensions/firestore-webhook-connector-pabbly/versions:createFromSource {"versionId":"0.1.0-beta.0","extensionRoot":"\\","githubRepositorySource":{"uri":"https://github.com/pabbly-apps/pc-integration-firestorewebhookextension","sourceRef":"main"}}
[debug] [2025-06-14T07:16:29.295Z] <<< [apiv2][status] POST https://firebaseextensionspublisher.googleapis.com/v1beta/publishers/pabblyconnect/extensions/firestore-webhook-connector-pabbly/versions:createFromSource 200
[debug] [2025-06-14T07:16:29.296Z] <<< [apiv2][body] POST https://firebaseextensionspublisher.googleapis.com/v1beta/publishers/pabblyconnect/extensions/firestore-webhook-connector-pabbly/versions:createFromSource {"name":"projects/pabblyconnect-16ab5/operations/8a48540e-9ab6-407a-83b6-282d49a44a72","metadata":{"@type":"type.googleapis.com/google.firebase.extensionspublisher.v1beta.ExtensionVersion","name":"publishers/pabblyconnect/extensions/firestore-webhook-connector-pabbly/versions/0.1.0-beta.0","ref":"pabblyconnect/firestore-webhook-connector-pabbly@0.1.0-beta.0","spec":{},"id":"0.1.0-beta.0"}}
[debug] [2025-06-14T07:16:29.299Z] Checked if tokens are valid: true, expires at: 1749888788046
[debug] [2025-06-14T07:16:29.299Z] Checked if tokens are valid: true, expires at: 1749888788046
[debug] [2025-06-14T07:16:29.300Z] >>> [apiv2][query] GET https://firebaseextensionspublisher.googleapis.com/v1beta/projects/pabblyconnect-16ab5/operations/8a48540e-9ab6-407a-83b6-282d49a44a72 [none]
[debug] [2025-06-14T07:16:30.074Z] <<< [apiv2][status] GET https://firebaseextensionspublisher.googleapis.com/v1beta/projects/pabblyconnect-16ab5/operations/8a48540e-9ab6-407a-83b6-282d49a44a72 200
[debug] [2025-06-14T07:16:30.074Z] <<< [apiv2][body] GET https://firebaseextensionspublisher.googleapis.com/v1beta/projects/pabblyconnect-16ab5/operations/8a48540e-9ab6-407a-83b6-282d49a44a72 {"name":"projects/pabblyconnect-16ab5/operations/8a48540e-9ab6-407a-83b6-282d49a44a72"}
[debug] [2025-06-14T07:16:30.585Z] [LRO Poller] Retrying task index 0
[debug] [2025-06-14T07:16:30.586Z] Checked if tokens are valid: true, expires at: 1749888788046
[debug] [2025-06-14T07:16:30.587Z] Checked if tokens are valid: true, expires at: 1749888788046
[debug] [2025-06-14T07:16:30.587Z] >>> [apiv2][query] GET https://firebaseextensionspublisher.googleapis.com/v1beta/projects/pabblyconnect-16ab5/operations/8a48540e-9ab6-407a-83b6-282d49a44a72 [none]
[debug] [2025-06-14T07:16:31.375Z] <<< [apiv2][status] GET https://firebaseextensionspublisher.googleapis.com/v1beta/projects/pabblyconnect-16ab5/operations/8a48540e-9ab6-407a-83b6-282d49a44a72 200
[debug] [2025-06-14T07:16:31.376Z] <<< [apiv2][body] GET https://firebaseextensionspublisher.googleapis.com/v1beta/projects/pabblyconnect-16ab5/operations/8a48540e-9ab6-407a-83b6-282d49a44a72 {"name":"projects/pabblyconnect-16ab5/operations/8a48540e-9ab6-407a-83b6-282d49a44a72"}
[debug] [2025-06-14T07:16:32.383Z] [LRO Poller] Retrying task index 0
[debug] [2025-06-14T07:16:32.384Z] Checked if tokens are valid: true, expires at: 1749888788046
[debug] [2025-06-14T07:16:32.385Z] Checked if tokens are valid: true, expires at: 1749888788046
[debug] [2025-06-14T07:16:32.385Z] >>> [apiv2][query] GET https://firebaseextensionspublisher.googleapis.com/v1beta/projects/pabblyconnect-16ab5/operations/8a48540e-9ab6-407a-83b6-282d49a44a72 [none]
[debug] [2025-06-14T07:16:33.265Z] <<< [apiv2][status] GET https://firebaseextensionspublisher.googleapis.com/v1beta/projects/pabblyconnect-16ab5/operations/8a48540e-9ab6-407a-83b6-282d49a44a72 200
[debug] [2025-06-14T07:16:33.265Z] <<< [apiv2][body] GET https://firebaseextensionspublisher.googleapis.com/v1beta/projects/pabblyconnect-16ab5/operations/8a48540e-9ab6-407a-83b6-282d49a44a72 {"name":"projects/pabblyconnect-16ab5/operations/8a48540e-9ab6-407a-83b6-282d49a44a72"}
[debug] [2025-06-14T07:16:35.269Z] [LRO Poller] Retrying task index 0
[debug] [2025-06-14T07:16:35.270Z] Checked if tokens are valid: true, expires at: 1749888788046
[debug] [2025-06-14T07:16:35.270Z] Checked if tokens are valid: true, expires at: 1749888788046
[debug] [2025-06-14T07:16:35.270Z] >>> [apiv2][query] GET https://firebaseextensionspublisher.googleapis.com/v1beta/projects/pabblyconnect-16ab5/operations/8a48540e-9ab6-407a-83b6-282d49a44a72 [none]
[debug] [2025-06-14T07:16:36.312Z] <<< [apiv2][status] GET https://firebaseextensionspublisher.googleapis.com/v1beta/projects/pabblyconnect-16ab5/operations/8a48540e-9ab6-407a-83b6-282d49a44a72 200
[debug] [2025-06-14T07:16:36.313Z] <<< [apiv2][body] GET https://firebaseextensionspublisher.googleapis.com/v1beta/projects/pabblyconnect-16ab5/operations/8a48540e-9ab6-407a-83b6-282d49a44a72 {"name":"projects/pabblyconnect-16ab5/operations/8a48540e-9ab6-407a-83b6-282d49a44a72"}
[debug] [2025-06-14T07:16:40.316Z] [LRO Poller] Retrying task index 0
[debug] [2025-06-14T07:16:40.317Z] Checked if tokens are valid: true, expires at: 1749888788046
[debug] [2025-06-14T07:16:40.318Z] Checked if tokens are valid: true, expires at: 1749888788046
[debug] [2025-06-14T07:16:40.318Z] >>> [apiv2][query] GET https://firebaseextensionspublisher.googleapis.com/v1beta/projects/pabblyconnect-16ab5/operations/8a48540e-9ab6-407a-83b6-282d49a44a72 [none]
[debug] [2025-06-14T07:16:41.112Z] <<< [apiv2][status] GET https://firebaseextensionspublisher.googleapis.com/v1beta/projects/pabblyconnect-16ab5/operations/8a48540e-9ab6-407a-83b6-282d49a44a72 200
[debug] [2025-06-14T07:16:41.113Z] <<< [apiv2][body] GET https://firebaseextensionspublisher.googleapis.com/v1beta/projects/pabblyconnect-16ab5/operations/8a48540e-9ab6-407a-83b6-282d49a44a72 {"name":"projects/pabblyconnect-16ab5/operations/8a48540e-9ab6-407a-83b6-282d49a44a72"}
[debug] [2025-06-14T07:16:49.118Z] [LRO Poller] Retrying task index 0
[debug] [2025-06-14T07:16:49.119Z] Checked if tokens are valid: true, expires at: 1749888788046
[debug] [2025-06-14T07:16:49.119Z] Checked if tokens are valid: true, expires at: 1749888788046
[debug] [2025-06-14T07:16:49.120Z] >>> [apiv2][query] GET https://firebaseextensionspublisher.googleapis.com/v1beta/projects/pabblyconnect-16ab5/operations/8a48540e-9ab6-407a-83b6-282d49a44a72 [none]
[debug] [2025-06-14T07:16:51.227Z] <<< [apiv2][status] GET https://firebaseextensionspublisher.googleapis.com/v1beta/projects/pabblyconnect-16ab5/operations/8a48540e-9ab6-407a-83b6-282d49a44a72 200
[debug] [2025-06-14T07:16:51.228Z] <<< [apiv2][body] GET https://firebaseextensionspublisher.googleapis.com/v1beta/projects/pabblyconnect-16ab5/operations/8a48540e-9ab6-407a-83b6-282d49a44a72 {"name":"projects/pabblyconnect-16ab5/operations/8a48540e-9ab6-407a-83b6-282d49a44a72"}
[debug] [2025-06-14T07:17:07.233Z] [LRO Poller] Retrying task index 0
[debug] [2025-06-14T07:17:07.234Z] Checked if tokens are valid: true, expires at: 1749888788046
[debug] [2025-06-14T07:17:07.234Z] Checked if tokens are valid: true, expires at: 1749888788046
[debug] [2025-06-14T07:17:07.235Z] >>> [apiv2][query] GET https://firebaseextensionspublisher.googleapis.com/v1beta/projects/pabblyconnect-16ab5/operations/8a48540e-9ab6-407a-83b6-282d49a44a72 [none]
[debug] [2025-06-14T07:17:09.409Z] <<< [apiv2][status] GET https://firebaseextensionspublisher.googleapis.com/v1beta/projects/pabblyconnect-16ab5/operations/8a48540e-9ab6-407a-83b6-282d49a44a72 200
[debug] [2025-06-14T07:17:09.410Z] <<< [apiv2][body] GET https://firebaseextensionspublisher.googleapis.com/v1beta/projects/pabblyconnect-16ab5/operations/8a48540e-9ab6-407a-83b6-282d49a44a72 {"name":"projects/pabblyconnect-16ab5/operations/8a48540e-9ab6-407a-83b6-282d49a44a72"}
[debug] [2025-06-14T07:17:41.418Z] [LRO Poller] Retrying task index 0
[debug] [2025-06-14T07:17:41.418Z] Checked if tokens are valid: true, expires at: 1749888788046
[debug] [2025-06-14T07:17:41.419Z] Checked if tokens are valid: true, expires at: 1749888788046
[debug] [2025-06-14T07:17:41.419Z] >>> [apiv2][query] GET https://firebaseextensionspublisher.googleapis.com/v1beta/projects/pabblyconnect-16ab5/operations/8a48540e-9ab6-407a-83b6-282d49a44a72 [none]
[debug] [2025-06-14T07:17:43.841Z] <<< [apiv2][status] GET https://firebaseextensionspublisher.googleapis.com/v1beta/projects/pabblyconnect-16ab5/operations/8a48540e-9ab6-407a-83b6-282d49a44a72 200
[debug] [2025-06-14T07:17:43.842Z] <<< [apiv2][body] GET https://firebaseextensionspublisher.googleapis.com/v1beta/projects/pabblyconnect-16ab5/operations/8a48540e-9ab6-407a-83b6-282d49a44a72 {"name":"projects/pabblyconnect-16ab5/operations/8a48540e-9ab6-407a-83b6-282d49a44a72"}
[debug] [2025-06-14T07:18:43.842Z] [LRO Poller] Retrying task index 0
[debug] [2025-06-14T07:18:43.843Z] Checked if tokens are valid: true, expires at: 1749888788046
[debug] [2025-06-14T07:18:43.844Z] Checked if tokens are valid: true, expires at: 1749888788046
[debug] [2025-06-14T07:18:43.844Z] >>> [apiv2][query] GET https://firebaseextensionspublisher.googleapis.com/v1beta/projects/pabblyconnect-16ab5/operations/8a48540e-9ab6-407a-83b6-282d49a44a72 [none]
[debug] [2025-06-14T07:18:46.046Z] <<< [apiv2][status] GET https://firebaseextensionspublisher.googleapis.com/v1beta/projects/pabblyconnect-16ab5/operations/8a48540e-9ab6-407a-83b6-282d49a44a72 200
[debug] [2025-06-14T07:18:46.047Z] <<< [apiv2][body] GET https://firebaseextensionspublisher.googleapis.com/v1beta/projects/pabblyconnect-16ab5/operations/8a48540e-9ab6-407a-83b6-282d49a44a72 {"name":"projects/pabblyconnect-16ab5/operations/8a48540e-9ab6-407a-83b6-282d49a44a72","done":true,"error":{"code":13,"message":"generic::internal: failed to build ExtensionVersion \"publishers/pabblyconnect/extensions/firestore-webhook-connector-pabbly/versions/0.1.0-beta.0\" source due to internal error"}}
[debug] 
[error] 
[error] Error: generic::internal: failed to build ExtensionVersion "publishers/pabblyconnect/extensions/firestore-webhook-connector-pabbly/versions/0.1.0-beta.0" source due to internal error
